<?xml version="1.0" encoding="UTF-8" standalone="no"?>
<testsuite failures="2" name="cucumber.runtime.formatter.JUnitFormatter" skipped="0" tests="2" time="9.995459">
    <testcase classname="to check the amazon sign in using cucumber framework" name="to validate the amazon signin option" time="9.175304">
        <failure message="org.openqa.selenium.SessionNotCreatedException: session not created: This version of ChromeDriver only supports Chrome version 114&#10;Current browser version is 122.0.6261.95 with binary path C:\Program Files\Google\Chrome\Application\chrome.exe&#10;Build info: version: '3.141.59', revision: 'e82be7d358', time: '2018-11-14T08:17:03'&#10;System info: host: 'GILBERT', ip: '192.168.254.173', os.name: 'Windows 11', os.arch: 'amd64', os.version: '10.0', java.version: '17.0.9'&#10;Driver info: driver.version: ChromeDriver&#10;remote stacktrace: Backtrace:&#10;&#9;GetHandleVerifier [0x00F9A813+48355]&#10;&#9;(No symbol) [0x00F2C4B1]&#10;&#9;(No symbol) [0x00E35358]&#10;&#9;(No symbol) [0x00E561AC]&#10;&#9;(No symbol) [0x00E51EF3]&#10;&#9;(No symbol) [0x00E50579]&#10;&#9;(No symbol) [0x00E80C55]&#10;&#9;(No symbol) [0x00E8093C]&#10;&#9;(No symbol) [0x00E7A536]&#10;&#9;(No symbol) [0x00E582DC]&#10;&#9;(No symbol) [0x00E593DD]&#10;&#9;GetHandleVerifier [0x011FAABD+2539405]&#10;&#9;GetHandleVerifier [0x0123A78F+2800735]&#10;&#9;GetHandleVerifier [0x0123456C+2775612]&#10;&#9;GetHandleVerifier [0x010251E0+616112]&#10;&#9;(No symbol) [0x00F35F8C]&#10;&#9;(No symbol) [0x00F32328]&#10;&#9;(No symbol) [0x00F3240B]&#10;&#9;(No symbol) [0x00F24FF7]&#10;&#9;BaseThreadInitThunk [0x77127BA9+25]&#10;&#9;RtlInitializeExceptionChain [0x77C6BD2B+107]&#10;&#9;RtlClearBits [0x77C6BCAF+191]&#10;&#13;&#10;&#9;at java.base/jdk.internal.reflect.NativeConstructorAccessorImpl.newInstance0(Native Method)&#13;&#10;&#9;at java.base/jdk.internal.reflect.NativeConstructorAccessorImpl.newInstance(NativeConstructorAccessorImpl.java:77)&#13;&#10;&#9;at java.base/jdk.internal.reflect.DelegatingConstructorAccessorImpl.newInstance(DelegatingConstructorAccessorImpl.java:45)&#13;&#10;&#9;at java.base/java.lang.reflect.Constructor.newInstanceWithCaller(Constructor.java:499)&#13;&#10;&#9;at java.base/java.lang.reflect.Constructor.newInstance(Constructor.java:480)&#13;&#10;&#9;at org.openqa.selenium.remote.W3CHandshakeResponse.lambda$errorHandler$0(W3CHandshakeResponse.java:62)&#13;&#10;&#9;at org.openqa.selenium.remote.HandshakeResponse.lambda$getResponseFunction$0(HandshakeResponse.java:30)&#13;&#10;&#9;at org.openqa.selenium.remote.ProtocolHandshake.lambda$createSession$0(ProtocolHandshake.java:126)&#13;&#10;&#9;at java.base/java.util.stream.ReferencePipeline$3$1.accept(ReferencePipeline.java:197)&#13;&#10;&#9;at java.base/java.util.Spliterators$ArraySpliterator.tryAdvance(Spliterators.java:1002)&#13;&#10;&#9;at java.base/java.util.stream.ReferencePipeline.forEachWithCancel(ReferencePipeline.java:129)&#13;&#10;&#9;at java.base/java.util.stream.AbstractPipeline.copyIntoWithCancel(AbstractPipeline.java:527)&#13;&#10;&#9;at java.base/java.util.stream.AbstractPipeline.copyInto(AbstractPipeline.java:513)&#13;&#10;&#9;at java.base/java.util.stream.AbstractPipeline.wrapAndCopyInto(AbstractPipeline.java:499)&#13;&#10;&#9;at java.base/java.util.stream.FindOps$FindOp.evaluateSequential(FindOps.java:150)&#13;&#10;&#9;at java.base/java.util.stream.AbstractPipeline.evaluate(AbstractPipeline.java:234)&#13;&#10;&#9;at java.base/java.util.stream.ReferencePipeline.findFirst(ReferencePipeline.java:647)&#13;&#10;&#9;at org.openqa.selenium.remote.ProtocolHandshake.createSession(ProtocolHandshake.java:128)&#13;&#10;&#9;at org.openqa.selenium.remote.ProtocolHandshake.createSession(ProtocolHandshake.java:74)&#13;&#10;&#9;at org.openqa.selenium.remote.HttpCommandExecutor.execute(HttpCommandExecutor.java:136)&#13;&#10;&#9;at org.openqa.selenium.remote.service.DriverCommandExecutor.execute(DriverCommandExecutor.java:83)&#13;&#10;&#9;at org.openqa.selenium.remote.RemoteWebDriver.execute(RemoteWebDriver.java:552)&#13;&#10;&#9;at org.openqa.selenium.remote.RemoteWebDriver.startSession(RemoteWebDriver.java:213)&#13;&#10;&#9;at org.openqa.selenium.remote.RemoteWebDriver.&lt;init&gt;(RemoteWebDriver.java:131)&#13;&#10;&#9;at org.openqa.selenium.chrome.ChromeDriver.&lt;init&gt;(ChromeDriver.java:181)&#13;&#10;&#9;at org.openqa.selenium.chrome.ChromeDriver.&lt;init&gt;(ChromeDriver.java:168)&#13;&#10;&#9;at org.openqa.selenium.chrome.ChromeDriver.&lt;init&gt;(ChromeDriver.java:123)&#13;&#10;&#9;at org.base.BaseClass.launchBrowser(BaseClass.java:35)&#13;&#10;&#9;at org.sd.AmazonSignIn.to_launch_the_browser(AmazonSignIn.java:21)&#13;&#10;&#9;at ✽.to launch the browser(src/test/resources/amazon.feature:9)&#13;&#10;"><![CDATA[Given to launch the browser.................................................failed
When to launch the amazon Url...............................................skipped
When to click the signin option.............................................skipped
And to pass the valid email or mobile number................................skipped

StackTrace:
org.openqa.selenium.SessionNotCreatedException: session not created: This version of ChromeDriver only supports Chrome version 114
Current browser version is 122.0.6261.95 with binary path C:\Program Files\Google\Chrome\Application\chrome.exe
Build info: version: '3.141.59', revision: 'e82be7d358', time: '2018-11-14T08:17:03'
System info: host: 'GILBERT', ip: '192.168.254.173', os.name: 'Windows 11', os.arch: 'amd64', os.version: '10.0', java.version: '17.0.9'
Driver info: driver.version: ChromeDriver
remote stacktrace: Backtrace:
	GetHandleVerifier [0x00F9A813+48355]
	(No symbol) [0x00F2C4B1]
	(No symbol) [0x00E35358]
	(No symbol) [0x00E561AC]
	(No symbol) [0x00E51EF3]
	(No symbol) [0x00E50579]
	(No symbol) [0x00E80C55]
	(No symbol) [0x00E8093C]
	(No symbol) [0x00E7A536]
	(No symbol) [0x00E582DC]
	(No symbol) [0x00E593DD]
	GetHandleVerifier [0x011FAABD+2539405]
	GetHandleVerifier [0x0123A78F+2800735]
	GetHandleVerifier [0x0123456C+2775612]
	GetHandleVerifier [0x010251E0+616112]
	(No symbol) [0x00F35F8C]
	(No symbol) [0x00F32328]
	(No symbol) [0x00F3240B]
	(No symbol) [0x00F24FF7]
	BaseThreadInitThunk [0x77127BA9+25]
	RtlInitializeExceptionChain [0x77C6BD2B+107]
	RtlClearBits [0x77C6BCAF+191]

	at java.base/jdk.internal.reflect.NativeConstructorAccessorImpl.newInstance0(Native Method)
	at java.base/jdk.internal.reflect.NativeConstructorAccessorImpl.newInstance(NativeConstructorAccessorImpl.java:77)
	at java.base/jdk.internal.reflect.DelegatingConstructorAccessorImpl.newInstance(DelegatingConstructorAccessorImpl.java:45)
	at java.base/java.lang.reflect.Constructor.newInstanceWithCaller(Constructor.java:499)
	at java.base/java.lang.reflect.Constructor.newInstance(Constructor.java:480)
	at org.openqa.selenium.remote.W3CHandshakeResponse.lambda$errorHandler$0(W3CHandshakeResponse.java:62)
	at org.openqa.selenium.remote.HandshakeResponse.lambda$getResponseFunction$0(HandshakeResponse.java:30)
	at org.openqa.selenium.remote.ProtocolHandshake.lambda$createSession$0(ProtocolHandshake.java:126)
	at java.base/java.util.stream.ReferencePipeline$3$1.accept(ReferencePipeline.java:197)
	at java.base/java.util.Spliterators$ArraySpliterator.tryAdvance(Spliterators.java:1002)
	at java.base/java.util.stream.ReferencePipeline.forEachWithCancel(ReferencePipeline.java:129)
	at java.base/java.util.stream.AbstractPipeline.copyIntoWithCancel(AbstractPipeline.java:527)
	at java.base/java.util.stream.AbstractPipeline.copyInto(AbstractPipeline.java:513)
	at java.base/java.util.stream.AbstractPipeline.wrapAndCopyInto(AbstractPipeline.java:499)
	at java.base/java.util.stream.FindOps$FindOp.evaluateSequential(FindOps.java:150)
	at java.base/java.util.stream.AbstractPipeline.evaluate(AbstractPipeline.java:234)
	at java.base/java.util.stream.ReferencePipeline.findFirst(ReferencePipeline.java:647)
	at org.openqa.selenium.remote.ProtocolHandshake.createSession(ProtocolHandshake.java:128)
	at org.openqa.selenium.remote.ProtocolHandshake.createSession(ProtocolHandshake.java:74)
	at org.openqa.selenium.remote.HttpCommandExecutor.execute(HttpCommandExecutor.java:136)
	at org.openqa.selenium.remote.service.DriverCommandExecutor.execute(DriverCommandExecutor.java:83)
	at org.openqa.selenium.remote.RemoteWebDriver.execute(RemoteWebDriver.java:552)
	at org.openqa.selenium.remote.RemoteWebDriver.startSession(RemoteWebDriver.java:213)
	at org.openqa.selenium.remote.RemoteWebDriver.<init>(RemoteWebDriver.java:131)
	at org.openqa.selenium.chrome.ChromeDriver.<init>(ChromeDriver.java:181)
	at org.openqa.selenium.chrome.ChromeDriver.<init>(ChromeDriver.java:168)
	at org.openqa.selenium.chrome.ChromeDriver.<init>(ChromeDriver.java:123)
	at org.base.BaseClass.launchBrowser(BaseClass.java:35)
	at org.sd.AmazonSignIn.to_launch_the_browser(AmazonSignIn.java:21)
	at ✽.to launch the browser(src/test/resources/amazon.feature:9)
]]></failure>
    </testcase>
    <testcase classname="to check the myntra application" name="_2" time="0.820155">
        <failure message="org.openqa.selenium.SessionNotCreatedException: session not created: This version of ChromeDriver only supports Chrome version 114&#10;Current browser version is 122.0.6261.95 with binary path C:\Program Files\Google\Chrome\Application\chrome.exe&#10;Build info: version: '3.141.59', revision: 'e82be7d358', time: '2018-11-14T08:17:03'&#10;System info: host: 'GILBERT', ip: '192.168.254.173', os.name: 'Windows 11', os.arch: 'amd64', os.version: '10.0', java.version: '17.0.9'&#10;Driver info: driver.version: ChromeDriver&#10;remote stacktrace: Backtrace:&#10;&#9;GetHandleVerifier [0x00F9A813+48355]&#10;&#9;(No symbol) [0x00F2C4B1]&#10;&#9;(No symbol) [0x00E35358]&#10;&#9;(No symbol) [0x00E561AC]&#10;&#9;(No symbol) [0x00E51EF3]&#10;&#9;(No symbol) [0x00E50579]&#10;&#9;(No symbol) [0x00E80C55]&#10;&#9;(No symbol) [0x00E8093C]&#10;&#9;(No symbol) [0x00E7A536]&#10;&#9;(No symbol) [0x00E582DC]&#10;&#9;(No symbol) [0x00E593DD]&#10;&#9;GetHandleVerifier [0x011FAABD+2539405]&#10;&#9;GetHandleVerifier [0x0123A78F+2800735]&#10;&#9;GetHandleVerifier [0x0123456C+2775612]&#10;&#9;GetHandleVerifier [0x010251E0+616112]&#10;&#9;(No symbol) [0x00F35F8C]&#10;&#9;(No symbol) [0x00F32328]&#10;&#9;(No symbol) [0x00F3240B]&#10;&#9;(No symbol) [0x00F24FF7]&#10;&#9;BaseThreadInitThunk [0x77127BA9+25]&#10;&#9;RtlInitializeExceptionChain [0x77C6BD2B+107]&#10;&#9;RtlClearBits [0x77C6BCAF+191]&#10;&#13;&#10;&#9;at java.base/jdk.internal.reflect.NativeConstructorAccessorImpl.newInstance0(Native Method)&#13;&#10;&#9;at java.base/jdk.internal.reflect.NativeConstructorAccessorImpl.newInstance(NativeConstructorAccessorImpl.java:77)&#13;&#10;&#9;at java.base/jdk.internal.reflect.DelegatingConstructorAccessorImpl.newInstance(DelegatingConstructorAccessorImpl.java:45)&#13;&#10;&#9;at java.base/java.lang.reflect.Constructor.newInstanceWithCaller(Constructor.java:499)&#13;&#10;&#9;at java.base/java.lang.reflect.Constructor.newInstance(Constructor.java:480)&#13;&#10;&#9;at org.openqa.selenium.remote.W3CHandshakeResponse.lambda$errorHandler$0(W3CHandshakeResponse.java:62)&#13;&#10;&#9;at org.openqa.selenium.remote.HandshakeResponse.lambda$getResponseFunction$0(HandshakeResponse.java:30)&#13;&#10;&#9;at org.openqa.selenium.remote.ProtocolHandshake.lambda$createSession$0(ProtocolHandshake.java:126)&#13;&#10;&#9;at java.base/java.util.stream.ReferencePipeline$3$1.accept(ReferencePipeline.java:197)&#13;&#10;&#9;at java.base/java.util.Spliterators$ArraySpliterator.tryAdvance(Spliterators.java:1002)&#13;&#10;&#9;at java.base/java.util.stream.ReferencePipeline.forEachWithCancel(ReferencePipeline.java:129)&#13;&#10;&#9;at java.base/java.util.stream.AbstractPipeline.copyIntoWithCancel(AbstractPipeline.java:527)&#13;&#10;&#9;at java.base/java.util.stream.AbstractPipeline.copyInto(AbstractPipeline.java:513)&#13;&#10;&#9;at java.base/java.util.stream.AbstractPipeline.wrapAndCopyInto(AbstractPipeline.java:499)&#13;&#10;&#9;at java.base/java.util.stream.FindOps$FindOp.evaluateSequential(FindOps.java:150)&#13;&#10;&#9;at java.base/java.util.stream.AbstractPipeline.evaluate(AbstractPipeline.java:234)&#13;&#10;&#9;at java.base/java.util.stream.ReferencePipeline.findFirst(ReferencePipeline.java:647)&#13;&#10;&#9;at org.openqa.selenium.remote.ProtocolHandshake.createSession(ProtocolHandshake.java:128)&#13;&#10;&#9;at org.openqa.selenium.remote.ProtocolHandshake.createSession(ProtocolHandshake.java:74)&#13;&#10;&#9;at org.openqa.selenium.remote.HttpCommandExecutor.execute(HttpCommandExecutor.java:136)&#13;&#10;&#9;at org.openqa.selenium.remote.service.DriverCommandExecutor.execute(DriverCommandExecutor.java:83)&#13;&#10;&#9;at org.openqa.selenium.remote.RemoteWebDriver.execute(RemoteWebDriver.java:552)&#13;&#10;&#9;at org.openqa.selenium.remote.RemoteWebDriver.startSession(RemoteWebDriver.java:213)&#13;&#10;&#9;at org.openqa.selenium.remote.RemoteWebDriver.&lt;init&gt;(RemoteWebDriver.java:131)&#13;&#10;&#9;at org.openqa.selenium.chrome.ChromeDriver.&lt;init&gt;(ChromeDriver.java:181)&#13;&#10;&#9;at org.openqa.selenium.chrome.ChromeDriver.&lt;init&gt;(ChromeDriver.java:168)&#13;&#10;&#9;at org.openqa.selenium.chrome.ChromeDriver.&lt;init&gt;(ChromeDriver.java:123)&#13;&#10;&#9;at org.base.BaseClass.launchBrowser(BaseClass.java:35)&#13;&#10;&#9;at org.sd.Myntra.to_launch_Gilber(Myntra.java:20)&#13;&#10;&#9;at ✽.to launch Gilber(src/test/resources/myntra.feature:10)&#13;&#10;"><![CDATA[Given to launch Gilber......................................................failed
When to launch the Url......................................................skipped
And to pass the product in search bar.......................................skipped

StackTrace:
org.openqa.selenium.SessionNotCreatedException: session not created: This version of ChromeDriver only supports Chrome version 114
Current browser version is 122.0.6261.95 with binary path C:\Program Files\Google\Chrome\Application\chrome.exe
Build info: version: '3.141.59', revision: 'e82be7d358', time: '2018-11-14T08:17:03'
System info: host: 'GILBERT', ip: '192.168.254.173', os.name: 'Windows 11', os.arch: 'amd64', os.version: '10.0', java.version: '17.0.9'
Driver info: driver.version: ChromeDriver
remote stacktrace: Backtrace:
	GetHandleVerifier [0x00F9A813+48355]
	(No symbol) [0x00F2C4B1]
	(No symbol) [0x00E35358]
	(No symbol) [0x00E561AC]
	(No symbol) [0x00E51EF3]
	(No symbol) [0x00E50579]
	(No symbol) [0x00E80C55]
	(No symbol) [0x00E8093C]
	(No symbol) [0x00E7A536]
	(No symbol) [0x00E582DC]
	(No symbol) [0x00E593DD]
	GetHandleVerifier [0x011FAABD+2539405]
	GetHandleVerifier [0x0123A78F+2800735]
	GetHandleVerifier [0x0123456C+2775612]
	GetHandleVerifier [0x010251E0+616112]
	(No symbol) [0x00F35F8C]
	(No symbol) [0x00F32328]
	(No symbol) [0x00F3240B]
	(No symbol) [0x00F24FF7]
	BaseThreadInitThunk [0x77127BA9+25]
	RtlInitializeExceptionChain [0x77C6BD2B+107]
	RtlClearBits [0x77C6BCAF+191]

	at java.base/jdk.internal.reflect.NativeConstructorAccessorImpl.newInstance0(Native Method)
	at java.base/jdk.internal.reflect.NativeConstructorAccessorImpl.newInstance(NativeConstructorAccessorImpl.java:77)
	at java.base/jdk.internal.reflect.DelegatingConstructorAccessorImpl.newInstance(DelegatingConstructorAccessorImpl.java:45)
	at java.base/java.lang.reflect.Constructor.newInstanceWithCaller(Constructor.java:499)
	at java.base/java.lang.reflect.Constructor.newInstance(Constructor.java:480)
	at org.openqa.selenium.remote.W3CHandshakeResponse.lambda$errorHandler$0(W3CHandshakeResponse.java:62)
	at org.openqa.selenium.remote.HandshakeResponse.lambda$getResponseFunction$0(HandshakeResponse.java:30)
	at org.openqa.selenium.remote.ProtocolHandshake.lambda$createSession$0(ProtocolHandshake.java:126)
	at java.base/java.util.stream.ReferencePipeline$3$1.accept(ReferencePipeline.java:197)
	at java.base/java.util.Spliterators$ArraySpliterator.tryAdvance(Spliterators.java:1002)
	at java.base/java.util.stream.ReferencePipeline.forEachWithCancel(ReferencePipeline.java:129)
	at java.base/java.util.stream.AbstractPipeline.copyIntoWithCancel(AbstractPipeline.java:527)
	at java.base/java.util.stream.AbstractPipeline.copyInto(AbstractPipeline.java:513)
	at java.base/java.util.stream.AbstractPipeline.wrapAndCopyInto(AbstractPipeline.java:499)
	at java.base/java.util.stream.FindOps$FindOp.evaluateSequential(FindOps.java:150)
	at java.base/java.util.stream.AbstractPipeline.evaluate(AbstractPipeline.java:234)
	at java.base/java.util.stream.ReferencePipeline.findFirst(ReferencePipeline.java:647)
	at org.openqa.selenium.remote.ProtocolHandshake.createSession(ProtocolHandshake.java:128)
	at org.openqa.selenium.remote.ProtocolHandshake.createSession(ProtocolHandshake.java:74)
	at org.openqa.selenium.remote.HttpCommandExecutor.execute(HttpCommandExecutor.java:136)
	at org.openqa.selenium.remote.service.DriverCommandExecutor.execute(DriverCommandExecutor.java:83)
	at org.openqa.selenium.remote.RemoteWebDriver.execute(RemoteWebDriver.java:552)
	at org.openqa.selenium.remote.RemoteWebDriver.startSession(RemoteWebDriver.java:213)
	at org.openqa.selenium.remote.RemoteWebDriver.<init>(RemoteWebDriver.java:131)
	at org.openqa.selenium.chrome.ChromeDriver.<init>(ChromeDriver.java:181)
	at org.openqa.selenium.chrome.ChromeDriver.<init>(ChromeDriver.java:168)
	at org.openqa.selenium.chrome.ChromeDriver.<init>(ChromeDriver.java:123)
	at org.base.BaseClass.launchBrowser(BaseClass.java:35)
	at org.sd.Myntra.to_launch_Gilber(Myntra.java:20)
	at ✽.to launch Gilber(src/test/resources/myntra.feature:10)
]]></failure>
    </testcase>
</testsuite>
